This file contains any messages produced by compilers while
running configure, to aid debugging if configure makes a mistake.

It was created by FULL-PACKAGE-NAME configure VERSION, which was
generated by GNU Autoconf 2.57.  Invocation command line was

  $ ./configure 

## --------- ##
## Platform. ##
## --------- ##

hostname = nr1
uname -m = x86_64
uname -r = 2.6.32-5-amd64
uname -s = Linux
uname -v = #1 SMP Sun May 6 04:00:17 UTC 2012

/usr/bin/uname -p = unknown
/bin/uname -X     = unknown

/bin/arch              = unknown
/usr/bin/arch -k       = unknown
/usr/convex/getsysinfo = unknown
hostinfo               = unknown
/bin/machine           = unknown
/usr/bin/oslevel       = unknown
/bin/universe          = unknown

PATH: /usr/local/sbin
PATH: /usr/local/bin
PATH: /usr/sbin
PATH: /usr/bin
PATH: /sbin
PATH: /bin


## ----------- ##
## Core tests. ##
## ----------- ##

configure:1320: checking for gcc
configure:1336: found /usr/bin/gcc
configure:1346: result: gcc
configure:1590: checking for C compiler version
configure:1593: gcc --version </dev/null >&5
gcc (Debian 4.4.5-8) 4.4.5
Copyright (C) 2010 Free Software Foundation, Inc.
This is free software; see the source for copying conditions.  There is NO
warranty; not even for MERCHANTABILITY or FITNESS FOR A PARTICULAR PURPOSE.

configure:1596: $? = 0
configure:1598: gcc -v </dev/null >&5
Using built-in specs.
Target: x86_64-linux-gnu
Configured with: ../src/configure -v --with-pkgversion='Debian 4.4.5-8' --with-bugurl=file:///usr/share/doc/gcc-4.4/README.Bugs --enable-languages=c,c++,fortran,objc,obj-c++ --prefix=/usr --program-suffix=-4.4 --enable-shared --enable-multiarch --enable-linker-build-id --with-system-zlib --libexecdir=/usr/lib --without-included-gettext --enable-threads=posix --with-gxx-include-dir=/usr/include/c++/4.4 --libdir=/usr/lib --enable-nls --enable-clocale=gnu --enable-libstdcxx-debug --enable-objc-gc --with-arch-32=i586 --with-tune=generic --enable-checking=release --build=x86_64-linux-gnu --host=x86_64-linux-gnu --target=x86_64-linux-gnu
Thread model: posix
gcc version 4.4.5 (Debian 4.4.5-8) 
configure:1601: $? = 0
configure:1603: gcc -V </dev/null >&5
gcc: '-V' option must have argument
configure:1606: $? = 1
configure:1630: checking for C compiler default output
configure:1633: gcc    conftest.c  >&5
configure:1636: $? = 0
configure:1682: result: a.out
configure:1687: checking whether the C compiler works
configure:1693: ./a.out
configure:1696: $? = 0
configure:1713: result: yes
configure:1720: checking whether we are cross compiling
configure:1722: result: no
configure:1725: checking for suffix of executables
configure:1727: gcc -o conftest    conftest.c  >&5
configure:1730: $? = 0
configure:1755: result: 
configure:1761: checking for suffix of object files
configure:1783: gcc -c   conftest.c >&5
configure:1786: $? = 0
configure:1808: result: o
configure:1812: checking whether we are using the GNU C compiler
configure:1837: gcc -c   conftest.c >&5
configure:1840: $? = 0
configure:1843: test -s conftest.o
configure:1846: $? = 0
configure:1859: result: yes
configure:1865: checking whether gcc accepts -g
configure:1887: gcc -c -g  conftest.c >&5
configure:1890: $? = 0
configure:1893: test -s conftest.o
configure:1896: $? = 0
configure:1907: result: yes
configure:1924: checking for gcc option to accept ANSI C
configure:1985: gcc  -c -g -O2  conftest.c >&5
configure:1988: $? = 0
configure:1991: test -s conftest.o
configure:1994: $? = 0
configure:2012: result: none needed
configure:2030: gcc -c -g -O2  conftest.c >&5
conftest.c:2: error: expected '=', ',', ';', 'asm' or '__attribute__' before 'me'
configure:2033: $? = 1
configure: failed program was:
| #ifndef __cplusplus
|   choke me
| #endif
configure:2141: checking whether make sets $(MAKE)
configure:2161: result: yes
configure:2175: checking for main in -lcrypto
configure:2200: gcc -o conftest -g -O2   conftest.c -lcrypto   >&5
configure:2203: $? = 0
configure:2206: test -s conftest
configure:2209: $? = 0
configure:2221: result: yes
configure:2234: checking for main in -lcurses
configure:2259: gcc -o conftest -g -O2   conftest.c -lcurses  -lcrypto  >&5
configure:2262: $? = 0
configure:2265: test -s conftest
configure:2268: $? = 0
configure:2280: result: yes
configure:2293: checking for main in -ldl
configure:2318: gcc -o conftest -g -O2   conftest.c -ldl  -lcurses -lcrypto  >&5
configure:2321: $? = 0
configure:2324: test -s conftest
configure:2327: $? = 0
configure:2339: result: yes
configure:2352: checking for main in -lhttpd
configure:2377: gcc -o conftest -g -O2   conftest.c -lhttpd  -ldl -lcurses -lcrypto  >&5
/usr/bin/ld: cannot find -lhttpd
collect2: ld returned 1 exit status
configure:2380: $? = 1
configure: failed program was:
| #line 2359 "configure"
| /* confdefs.h.  */
| 
| #define PACKAGE_NAME "FULL-PACKAGE-NAME"
| #define PACKAGE_TARNAME "full-package-name"
| #define PACKAGE_VERSION "VERSION"
| #define PACKAGE_STRING "FULL-PACKAGE-NAME VERSION"
| #define PACKAGE_BUGREPORT "BUG-REPORT-ADDRESS"
| #define HAVE_LIBCRYPTO 1
| #define HAVE_LIBCURSES 1
| #define HAVE_LIBDL 1
| /* end confdefs.h.  */
| 
| 
| int
| main ()
| {
| main ();
|   ;
|   return 0;
| }
configure:2398: result: no
configure:2411: checking for main in -lncurses
configure:2436: gcc -o conftest -g -O2   conftest.c -lncurses  -ldl -lcurses -lcrypto  >&5
configure:2439: $? = 0
configure:2442: test -s conftest
configure:2445: $? = 0
configure:2457: result: yes
configure:2470: checking for main in -lpthread
configure:2495: gcc -o conftest -g -O2   conftest.c -lpthread  -lncurses -ldl -lcurses -lcrypto  >&5
configure:2498: $? = 0
configure:2501: test -s conftest
configure:2504: $? = 0
configure:2516: result: yes
configure:2529: checking for main in -lssl
configure:2554: gcc -o conftest -g -O2   conftest.c -lssl  -lpthread -lncurses -ldl -lcurses -lcrypto  >&5
configure:2557: $? = 0
configure:2560: test -s conftest
configure:2563: $? = 0
configure:2575: result: yes
configure:2588: checking for main in -lz
configure:2613: gcc -o conftest -g -O2   conftest.c -lz  -lssl -lpthread -lncurses -ldl -lcurses -lcrypto  >&5

## ---------------- ##
## Cache variables. ##
## ---------------- ##

ac_cv_c_compiler_gnu=yes
ac_cv_env_CC_set=
ac_cv_env_CC_value=
ac_cv_env_CFLAGS_set=
ac_cv_env_CFLAGS_value=
ac_cv_env_CPPFLAGS_set=
ac_cv_env_CPPFLAGS_value=
ac_cv_env_CPP_set=
ac_cv_env_CPP_value=
ac_cv_env_LDFLAGS_set=
ac_cv_env_LDFLAGS_value=
ac_cv_env_build_alias_set=
ac_cv_env_build_alias_value=
ac_cv_env_host_alias_set=
ac_cv_env_host_alias_value=
ac_cv_env_target_alias_set=
ac_cv_env_target_alias_value=
ac_cv_exeext=
ac_cv_lib_crypto_main=yes
ac_cv_lib_curses_main=yes
ac_cv_lib_dl_main=yes
ac_cv_lib_httpd_main=no
ac_cv_lib_ncurses_main=yes
ac_cv_lib_pthread_main=yes
ac_cv_lib_ssl_main=yes
ac_cv_objext=o
ac_cv_prog_ac_ct_CC=gcc
ac_cv_prog_cc_g=yes
ac_cv_prog_cc_stdc=
ac_cv_prog_make_make_set=yes

## ----------------- ##
## Output variables. ##
## ----------------- ##

ALLOCA=''
CC='gcc'
CFLAGS='-g -O2'
CPP=''
CPPFLAGS=''
DEFS=''
ECHO_C=''
ECHO_N='-n'
ECHO_T=''
EGREP=''
EXEEXT=''
LDFLAGS=''
LIBOBJS=''
LIBS='-lz  -lssl -lpthread -lncurses -ldl -lcurses -lcrypto '
LTLIBOBJS=''
OBJEXT='o'
PACKAGE_BUGREPORT='BUG-REPORT-ADDRESS'
PACKAGE_NAME='FULL-PACKAGE-NAME'
PACKAGE_STRING='FULL-PACKAGE-NAME VERSION'
PACKAGE_TARNAME='full-package-name'
PACKAGE_VERSION='VERSION'
PATH_SEPARATOR=':'
SET_MAKE=''
SHELL='/bin/bash'
ac_ct_CC='gcc'
bindir='${exec_prefix}/bin'
build_alias=''
datadir='${prefix}/share'
exec_prefix='NONE'
host_alias=''
includedir='${prefix}/include'
infodir='${prefix}/info'
libdir='${exec_prefix}/lib'
libexecdir='${exec_prefix}/libexec'
localstatedir='${prefix}/var'
mandir='${prefix}/man'
oldincludedir='/usr/include'
prefix='NONE'
program_transform_name='s,x,x,'
sbindir='${exec_prefix}/sbin'
sharedstatedir='${prefix}/com'
sysconfdir='${prefix}/etc'
target_alias=''

## ----------- ##
## confdefs.h. ##
## ----------- ##

#define HAVE_LIBCRYPTO 1
#define HAVE_LIBCURSES 1
#define HAVE_LIBDL 1
#define HAVE_LIBNCURSES 1
#define HAVE_LIBPTHREAD 1
#define HAVE_LIBSSL 1
#define PACKAGE_BUGREPORT "BUG-REPORT-ADDRESS"
#define PACKAGE_NAME "FULL-PACKAGE-NAME"
#define PACKAGE_STRING "FULL-PACKAGE-NAME VERSION"
#define PACKAGE_TARNAME "full-package-name"
#define PACKAGE_VERSION "VERSION"

configure: caught signal 2
configure: exit 1
